{
  "RSpec": {
    "coverage": {
      "/Users/ZaFox/Desktop/capstone/Glass_Over_Flowing/app/models/user.rb": [
        1,
        1,
        null,
        null,
        1,
        null,
        null,
        1,
        null,
        null,
        null,
        1,
        0,
        null,
        null
      ],
      "/Users/ZaFox/Desktop/capstone/Glass_Over_Flowing/app/helpers/application_helper.rb": [
        1,
        null,
        1,
        0,
        0,
        0,
        null,
        null,
        null,
        null
      ],
      "/Users/ZaFox/Desktop/capstone/Glass_Over_Flowing/app/controllers/admin/base_controller.rb": [
        1,
        1,
        null,
        null
      ],
      "/Users/ZaFox/Desktop/capstone/Glass_Over_Flowing/app/controllers/admin_controller.rb": [
        1,
        1,
        1,
        null,
        1,
        null,
        1,
        0,
        null,
        null
      ],
      "/Users/ZaFox/Desktop/capstone/Glass_Over_Flowing/app/controllers/application_controller.rb": [
        1,
        1,
        null,
        1,
        null,
        1,
        1,
        0,
        null,
        null,
        1,
        null,
        1,
        0,
        0,
        null,
        null
      ],
      "/Users/ZaFox/Desktop/capstone/Glass_Over_Flowing/app/controllers/beers_controller.rb": [
        1,
        null,
        1,
        0,
        null,
        null,
        1,
        0,
        null,
        null,
        1,
        null,
        null,
        null,
        null,
        1,
        null,
        1,
        0,
        null,
        null
      ],
      "/Users/ZaFox/Desktop/capstone/Glass_Over_Flowing/app/controllers/categories_controller.rb": [
        1,
        1,
        0,
        null,
        null
      ],
      "/Users/ZaFox/Desktop/capstone/Glass_Over_Flowing/app/controllers/favorites_controller.rb": [
        1,
        1,
        1,
        null,
        1,
        0,
        0,
        null,
        0,
        null,
        null,
        null,
        1,
        0,
        0,
        null,
        null,
        1,
        null,
        null,
        null,
        null,
        null,
        1,
        0,
        null,
        null
      ],
      "/Users/ZaFox/Desktop/capstone/Glass_Over_Flowing/app/controllers/search_results_controller.rb": [
        1,
        null,
        1,
        null,
        0,
        null,
        null,
        null
      ],
      "/Users/ZaFox/Desktop/capstone/Glass_Over_Flowing/app/controllers/site_controller.rb": [
        1,
        null,
        1,
        0,
        0,
        null,
        null,
        1,
        0,
        0,
        0,
        null,
        0,
        null,
        null,
        null
      ],
      "/Users/ZaFox/Desktop/capstone/Glass_Over_Flowing/app/controllers/styles_controller.rb": [
        1,
        null,
        1,
        0,
        null,
        null,
        1,
        0,
        null,
        null
      ],
      "/Users/ZaFox/Desktop/capstone/Glass_Over_Flowing/app/controllers/user_controller.rb": [
        1,
        1,
        null,
        1,
        0,
        0,
        0,
        null,
        null,
        null,
        1,
        0,
        0,
        0,
        null,
        0,
        null,
        null,
        null,
        1,
        0,
        0,
        0,
        null,
        null,
        1,
        null,
        1,
        0,
        null,
        null,
        null
      ],
      "/Users/ZaFox/Desktop/capstone/Glass_Over_Flowing/app/models/beer.rb": [
        1,
        1,
        1,
        null,
        1,
        1,
        null,
        1,
        null,
        0,
        null,
        null,
        null,
        null,
        null,
        1,
        null,
        null,
        1,
        null,
        null,
        null,
        null,
        null,
        null,
        null,
        null,
        null,
        null
      ],
      "/Users/ZaFox/Desktop/capstone/Glass_Over_Flowing/app/models/brewery.rb": [
        1,
        1,
        null
      ],
      "/Users/ZaFox/Desktop/capstone/Glass_Over_Flowing/app/models/category.rb": [
        1,
        1,
        null
      ],
      "/Users/ZaFox/Desktop/capstone/Glass_Over_Flowing/app/models/favorite.rb": [
        1,
        1,
        1,
        null
      ],
      "/Users/ZaFox/Desktop/capstone/Glass_Over_Flowing/app/models/style.rb": [
        1,
        1,
        null,
        1,
        null,
        1,
        1,
        null,
        1,
        null,
        1,
        null,
        null
      ]
    },
    "timestamp": 1406223638
  }
}
