{
  "RSpec": {
    "coverage": {
      "/Users/ZaFox/Desktop/capstone/Glass_Over_Flowing/app/models/user.rb": [
        1,
        1,
        null,
        1,
        null,
        null,
        1,
        null,
        1,
        null,
        1,
        0,
        null,
        null
      ],
      "/Users/ZaFox/Desktop/capstone/Glass_Over_Flowing/app/helpers/application_helper.rb": [
        1,
        null,
        1,
        0,
        0,
        0,
        null,
        null,
        null,
        null
      ],
      "/Users/ZaFox/Desktop/capstone/Glass_Over_Flowing/app/helpers/breweries_helper.rb": [
        1,
        null
      ]
    },
    "timestamp": 1412776162
  }
}
